<?xml version="1.0" encoding="UTF-8"?>
<testng-results skipped="0" failed="0" total="1" passed="1">
  <reporter-output>
  </reporter-output>
  <suite name="Default suite" duration-ms="91988" started-at="2017-01-20T02:14:19Z" finished-at="2017-01-20T02:15:51Z">
    <groups>
    </groups>
    <test name="Default test" duration-ms="91988" started-at="2017-01-20T02:14:19Z" finished-at="2017-01-20T02:15:51Z">
      <class name="com.tests.MasterCheckout">
        <test-method status="PASS" signature="DBdata()[pri:0, instance:com.tests.MasterCheckout@396a51ab]" name="DBdata" is-config="true" duration-ms="3484" started-at="2017-01-20T13:14:19Z" finished-at="2017-01-20T13:14:23Z">
          <reporter-output>
          </reporter-output>
        </test-method> <!-- DBdata -->
        <test-method status="PASS" signature="initalize()[pri:0, instance:com.tests.MasterCheckout@396a51ab]" name="initalize" is-config="true" duration-ms="39644" started-at="2017-01-20T13:14:23Z" finished-at="2017-01-20T13:15:02Z">
          <reporter-output>
          </reporter-output>
        </test-method> <!-- initalize -->
        <test-method status="PASS" signature="master()[pri:0, instance:com.tests.MasterCheckout@396a51ab]" name="master" duration-ms="48665" started-at="2017-01-20T13:15:02Z" finished-at="2017-01-20T13:15:51Z">
          <reporter-output>
          </reporter-output>
        </test-method> <!-- master -->
        <test-method status="PASS" signature="teardown()[pri:0, instance:com.tests.MasterCheckout@396a51ab]" name="teardown" is-config="true" duration-ms="137" started-at="2017-01-20T13:15:51Z" finished-at="2017-01-20T13:15:51Z">
          <reporter-output>
          </reporter-output>
        </test-method> <!-- teardown -->
      </class> <!-- com.tests.MasterCheckout -->
    </test> <!-- Default test -->
  </suite> <!-- Default suite -->
</testng-results>
